2025-08-14 14:17:30 INFO  AbstractLangProcessor: - Start parsing files...
2025-08-14 14:17:32 INFO  AbstractLangProcessor: - Resolve types and bindings of variables, methods and expressions.... C:\Users\yosoo\OneDrive - Deloitte (O365D)\Documents\maybank assignment\backend-assignment\src
2025-08-14 14:17:32 INFO  AbstractLangProcessor: - Heap Information: init = 532676608(520192K) used = 50672960(49485K) committed = 532676608(520192K) max = 8497659904(8298496K)
2025-08-14 14:17:32 INFO  IBindingResolver: - Resolve type bindings...
2025-08-14 14:17:32 INFO  IBindingResolver: - Dependency analaysing...
2025-08-14 14:17:32 INFO  IBindingResolver: - Heap Information: init = 532676608(520192K) used = 50672960(49485K) committed = 532676608(520192K) max = 8497659904(8298496K)
2025-08-14 14:17:32 INFO  AbstractLangProcessor: - Heap Information: init = 532676608(520192K) used = 8570488(8369K) committed = 155189248(151552K) max = 8497659904(8298496K)
2025-08-14 14:17:33 INFO  DependencyGenerator: - Dependencies data generating done successfully...
2025-08-14 14:17:40 INFO  AbstractLangProcessor: - Start parsing files...
2025-08-14 14:17:42 INFO  AbstractLangProcessor: - Resolve types and bindings of variables, methods and expressions.... C:\Users\yosoo\OneDrive - Deloitte (O365D)\Documents\maybank assignment\backend-assignment\src
2025-08-14 14:17:42 INFO  AbstractLangProcessor: - Heap Information: init = 532676608(520192K) used = 50581904(49396K) committed = 532676608(520192K) max = 8497659904(8298496K)
2025-08-14 14:17:42 INFO  IBindingResolver: - Resolve type bindings...
2025-08-14 14:17:42 INFO  IBindingResolver: - Dependency analaysing...
2025-08-14 14:17:42 INFO  IBindingResolver: - Heap Information: init = 532676608(520192K) used = 50581904(49396K) committed = 532676608(520192K) max = 8497659904(8298496K)
2025-08-14 14:17:42 INFO  AbstractLangProcessor: - Heap Information: init = 532676608(520192K) used = 8570256(8369K) committed = 155189248(151552K) max = 8497659904(8298496K)
2025-08-14 14:17:43 INFO  DependencyGenerator: - Dependencies data generating done successfully...
2025-08-14 15:32:50 INFO  AbstractLangProcessor: - Start parsing files...
2025-08-14 15:32:53 INFO  AbstractLangProcessor: - Resolve types and bindings of variables, methods and expressions.... C:\Users\yosoo\OneDrive - Deloitte (O365D)\Documents\maybank assignment\backend-assignment\src
2025-08-14 15:32:53 INFO  AbstractLangProcessor: - Heap Information: init = 532676608(520192K) used = 46527360(45436K) committed = 532676608(520192K) max = 8497659904(8298496K)
2025-08-14 15:32:53 INFO  IBindingResolver: - Resolve type bindings...
2025-08-14 15:32:54 INFO  IBindingResolver: - Dependency analaysing...
2025-08-14 15:32:54 INFO  IBindingResolver: - Heap Information: init = 532676608(520192K) used = 50721664(49532K) committed = 532676608(520192K) max = 8497659904(8298496K)
2025-08-14 15:32:54 INFO  AbstractLangProcessor: - Heap Information: init = 532676608(520192K) used = 8568840(8368K) committed = 142606336(139264K) max = 8497659904(8298496K)
2025-08-14 15:32:54 INFO  DependencyGenerator: - Dependencies data generating done successfully...
2025-08-14 15:40:41 INFO  AbstractLangProcessor: - Start parsing files...
2025-08-14 15:40:43 INFO  AbstractLangProcessor: - Resolve types and bindings of variables, methods and expressions.... C:\Users\yosoo\OneDrive - Deloitte (O365D)\Documents\maybank assignment\backend-assignment\src
2025-08-14 15:40:43 INFO  AbstractLangProcessor: - Heap Information: init = 532676608(520192K) used = 50671448(49483K) committed = 532676608(520192K) max = 8497659904(8298496K)
2025-08-14 15:40:43 INFO  IBindingResolver: - Resolve type bindings...
2025-08-14 15:40:44 INFO  IBindingResolver: - Dependency analaysing...
2025-08-14 15:40:44 INFO  IBindingResolver: - Heap Information: init = 532676608(520192K) used = 50671448(49483K) committed = 532676608(520192K) max = 8497659904(8298496K)
2025-08-14 15:40:44 INFO  AbstractLangProcessor: - Heap Information: init = 532676608(520192K) used = 8570288(8369K) committed = 142606336(139264K) max = 8497659904(8298496K)
2025-08-14 15:40:45 INFO  DependencyGenerator: - Dependencies data generating done successfully...
2025-08-14 15:42:45 INFO  AbstractLangProcessor: - Start parsing files...
2025-08-14 15:42:48 INFO  AbstractLangProcessor: - Resolve types and bindings of variables, methods and expressions.... C:\Users\yosoo\OneDrive - Deloitte (O365D)\Documents\maybank assignment\backend-assignment\src
2025-08-14 15:42:48 INFO  AbstractLangProcessor: - Heap Information: init = 532676608(520192K) used = 50590240(49404K) committed = 532676608(520192K) max = 8497659904(8298496K)
2025-08-14 15:42:48 INFO  IBindingResolver: - Resolve type bindings...
2025-08-14 15:42:48 INFO  IBindingResolver: - Dependency analaysing...
2025-08-14 15:42:48 INFO  IBindingResolver: - Heap Information: init = 532676608(520192K) used = 50590240(49404K) committed = 532676608(520192K) max = 8497659904(8298496K)
2025-08-14 15:42:48 INFO  AbstractLangProcessor: - Heap Information: init = 532676608(520192K) used = 8570912(8370K) committed = 155189248(151552K) max = 8497659904(8298496K)
2025-08-14 15:42:48 INFO  DependencyGenerator: - Dependencies data generating done successfully...
2025-08-14 15:43:01 INFO  AbstractLangProcessor: - Start parsing files...
2025-08-14 15:43:03 INFO  AbstractLangProcessor: - Resolve types and bindings of variables, methods and expressions.... C:\Users\yosoo\OneDrive - Deloitte (O365D)\Documents\maybank assignment\backend-assignment\src
2025-08-14 15:43:03 INFO  AbstractLangProcessor: - Heap Information: init = 532676608(520192K) used = 46542144(45451K) committed = 532676608(520192K) max = 8497659904(8298496K)
2025-08-14 15:43:03 INFO  IBindingResolver: - Resolve type bindings...
2025-08-14 15:43:03 INFO  IBindingResolver: - Dependency analaysing...
2025-08-14 15:43:03 INFO  IBindingResolver: - Heap Information: init = 532676608(520192K) used = 50736448(49547K) committed = 532676608(520192K) max = 8497659904(8298496K)
2025-08-14 15:43:03 INFO  AbstractLangProcessor: - Heap Information: init = 532676608(520192K) used = 8570520(8369K) committed = 142606336(139264K) max = 8497659904(8298496K)
2025-08-14 15:43:03 INFO  DependencyGenerator: - Dependencies data generating done successfully...
2025-08-14 15:43:37 INFO  AbstractLangProcessor: - Start parsing files...
2025-08-14 15:43:39 INFO  AbstractLangProcessor: - Resolve types and bindings of variables, methods and expressions.... C:\Users\yosoo\OneDrive - Deloitte (O365D)\Documents\maybank assignment\backend-assignment\src
2025-08-14 15:43:39 INFO  AbstractLangProcessor: - Heap Information: init = 532676608(520192K) used = 46473600(45384K) committed = 532676608(520192K) max = 8497659904(8298496K)
2025-08-14 15:43:39 INFO  IBindingResolver: - Resolve type bindings...
2025-08-14 15:43:39 INFO  IBindingResolver: - Dependency analaysing...
2025-08-14 15:43:39 INFO  IBindingResolver: - Heap Information: init = 532676608(520192K) used = 50667904(49480K) committed = 532676608(520192K) max = 8497659904(8298496K)
2025-08-14 15:43:39 INFO  AbstractLangProcessor: - Heap Information: init = 532676608(520192K) used = 8568696(8367K) committed = 155189248(151552K) max = 8497659904(8298496K)
2025-08-14 15:43:40 INFO  DependencyGenerator: - Dependencies data generating done successfully...
2025-08-14 15:43:51 INFO  AbstractLangProcessor: - Start parsing files...
2025-08-14 15:43:54 INFO  AbstractLangProcessor: - Resolve types and bindings of variables, methods and expressions.... C:\Users\yosoo\OneDrive - Deloitte (O365D)\Documents\maybank assignment\backend-assignment\src
2025-08-14 15:43:54 INFO  AbstractLangProcessor: - Heap Information: init = 532676608(520192K) used = 50533648(49349K) committed = 532676608(520192K) max = 8497659904(8298496K)
2025-08-14 15:43:54 INFO  IBindingResolver: - Resolve type bindings...
2025-08-14 15:43:54 INFO  IBindingResolver: - Dependency analaysing...
2025-08-14 15:43:54 INFO  IBindingResolver: - Heap Information: init = 532676608(520192K) used = 50533648(49349K) committed = 532676608(520192K) max = 8497659904(8298496K)
2025-08-14 15:43:54 INFO  AbstractLangProcessor: - Heap Information: init = 532676608(520192K) used = 8572768(8371K) committed = 142606336(139264K) max = 8497659904(8298496K)
2025-08-14 15:43:55 INFO  DependencyGenerator: - Dependencies data generating done successfully...
2025-08-14 15:47:24 INFO  AbstractLangProcessor: - Start parsing files...
2025-08-14 15:47:26 INFO  AbstractLangProcessor: - Resolve types and bindings of variables, methods and expressions.... C:\Users\yosoo\OneDrive - Deloitte (O365D)\Documents\maybank assignment\backend-assignment\src
2025-08-14 15:47:26 INFO  AbstractLangProcessor: - Heap Information: init = 532676608(520192K) used = 50648392(49461K) committed = 532676608(520192K) max = 8497659904(8298496K)
2025-08-14 15:47:26 INFO  IBindingResolver: - Resolve type bindings...
2025-08-14 15:47:26 INFO  IBindingResolver: - Dependency analaysing...
2025-08-14 15:47:26 INFO  IBindingResolver: - Heap Information: init = 532676608(520192K) used = 50648392(49461K) committed = 532676608(520192K) max = 8497659904(8298496K)
2025-08-14 15:47:26 INFO  AbstractLangProcessor: - Heap Information: init = 532676608(520192K) used = 8570984(8370K) committed = 155189248(151552K) max = 8497659904(8298496K)
2025-08-14 15:47:27 INFO  DependencyGenerator: - Dependencies data generating done successfully...
2025-08-14 15:48:07 INFO  AbstractLangProcessor: - Start parsing files...
2025-08-14 15:48:09 INFO  AbstractLangProcessor: - Resolve types and bindings of variables, methods and expressions.... C:\Users\yosoo\OneDrive - Deloitte (O365D)\Documents\maybank assignment\backend-assignment\src
2025-08-14 15:48:09 INFO  AbstractLangProcessor: - Heap Information: init = 532676608(520192K) used = 50658272(49470K) committed = 532676608(520192K) max = 8497659904(8298496K)
2025-08-14 15:48:09 INFO  IBindingResolver: - Resolve type bindings...
2025-08-14 15:48:09 INFO  IBindingResolver: - Dependency analaysing...
2025-08-14 15:48:09 INFO  IBindingResolver: - Heap Information: init = 532676608(520192K) used = 50658272(49470K) committed = 532676608(520192K) max = 8497659904(8298496K)
2025-08-14 15:48:09 INFO  AbstractLangProcessor: - Heap Information: init = 532676608(520192K) used = 8570800(8369K) committed = 125829120(122880K) max = 8497659904(8298496K)
2025-08-14 15:48:10 INFO  DependencyGenerator: - Dependencies data generating done successfully...
2025-08-14 15:48:41 INFO  AbstractLangProcessor: - Start parsing files...
2025-08-14 15:48:44 INFO  AbstractLangProcessor: - Resolve types and bindings of variables, methods and expressions.... C:\Users\yosoo\OneDrive - Deloitte (O365D)\Documents\maybank assignment\backend-assignment\src
2025-08-14 15:48:44 INFO  AbstractLangProcessor: - Heap Information: init = 532676608(520192K) used = 46399824(45312K) committed = 532676608(520192K) max = 8497659904(8298496K)
2025-08-14 15:48:44 INFO  IBindingResolver: - Resolve type bindings...
2025-08-14 15:48:44 INFO  IBindingResolver: - Dependency analaysing...
2025-08-14 15:48:44 INFO  IBindingResolver: - Heap Information: init = 532676608(520192K) used = 50594128(49408K) committed = 532676608(520192K) max = 8497659904(8298496K)
2025-08-14 15:48:44 INFO  AbstractLangProcessor: - Heap Information: init = 532676608(520192K) used = 8569192(8368K) committed = 155189248(151552K) max = 8497659904(8298496K)
2025-08-14 15:48:45 INFO  DependencyGenerator: - Dependencies data generating done successfully...
2025-08-14 15:49:44 INFO  AbstractLangProcessor: - Start parsing files...
2025-08-14 15:49:46 INFO  AbstractLangProcessor: - Resolve types and bindings of variables, methods and expressions.... C:\Users\yosoo\OneDrive - Deloitte (O365D)\Documents\maybank assignment\backend-assignment\src
2025-08-14 15:49:46 INFO  AbstractLangProcessor: - Heap Information: init = 532676608(520192K) used = 46409152(45321K) committed = 532676608(520192K) max = 8497659904(8298496K)
2025-08-14 15:49:46 INFO  IBindingResolver: - Resolve type bindings...
2025-08-14 15:49:46 INFO  IBindingResolver: - Dependency analaysing...
2025-08-14 15:49:46 INFO  IBindingResolver: - Heap Information: init = 532676608(520192K) used = 50603456(49417K) committed = 532676608(520192K) max = 8497659904(8298496K)
2025-08-14 15:49:46 INFO  AbstractLangProcessor: - Heap Information: init = 532676608(520192K) used = 8570352(8369K) committed = 155189248(151552K) max = 8497659904(8298496K)
2025-08-14 15:49:47 INFO  DependencyGenerator: - Dependencies data generating done successfully...
2025-08-14 15:52:19 INFO  AbstractLangProcessor: - Start parsing files...
2025-08-14 15:52:21 INFO  AbstractLangProcessor: - Resolve types and bindings of variables, methods and expressions.... C:\Users\yosoo\OneDrive - Deloitte (O365D)\Documents\maybank assignment\backend-assignment\src
2025-08-14 15:52:21 INFO  AbstractLangProcessor: - Heap Information: init = 532676608(520192K) used = 50733984(49544K) committed = 532676608(520192K) max = 8497659904(8298496K)
2025-08-14 15:52:21 INFO  IBindingResolver: - Resolve type bindings...
2025-08-14 15:52:21 INFO  IBindingResolver: - Dependency analaysing...
2025-08-14 15:52:21 INFO  IBindingResolver: - Heap Information: init = 532676608(520192K) used = 50733984(49544K) committed = 532676608(520192K) max = 8497659904(8298496K)
2025-08-14 15:52:21 INFO  AbstractLangProcessor: - Heap Information: init = 532676608(520192K) used = 8569976(8369K) committed = 155189248(151552K) max = 8497659904(8298496K)
2025-08-14 15:52:22 INFO  DependencyGenerator: - Dependencies data generating done successfully...
2025-08-14 15:52:45 INFO  AbstractLangProcessor: - Start parsing files...
2025-08-14 15:52:47 INFO  AbstractLangProcessor: - Resolve types and bindings of variables, methods and expressions.... C:\Users\yosoo\OneDrive - Deloitte (O365D)\Documents\maybank assignment\backend-assignment\src
2025-08-14 15:52:47 INFO  AbstractLangProcessor: - Heap Information: init = 532676608(520192K) used = 50728160(49539K) committed = 532676608(520192K) max = 8497659904(8298496K)
2025-08-14 15:52:47 INFO  IBindingResolver: - Resolve type bindings...
2025-08-14 15:52:47 INFO  IBindingResolver: - Dependency analaysing...
2025-08-14 15:52:47 INFO  IBindingResolver: - Heap Information: init = 532676608(520192K) used = 50728160(49539K) committed = 532676608(520192K) max = 8497659904(8298496K)
2025-08-14 15:52:47 INFO  AbstractLangProcessor: - Heap Information: init = 532676608(520192K) used = 8570688(8369K) committed = 155189248(151552K) max = 8497659904(8298496K)
2025-08-14 15:52:48 INFO  DependencyGenerator: - Dependencies data generating done successfully...
2025-08-14 15:56:46 INFO  AbstractLangProcessor: - Start parsing files...
2025-08-14 15:56:48 INFO  AbstractLangProcessor: - Resolve types and bindings of variables, methods and expressions.... C:\Users\yosoo\OneDrive - Deloitte (O365D)\Documents\maybank assignment\backend-assignment\src
2025-08-14 15:56:48 INFO  AbstractLangProcessor: - Heap Information: init = 532676608(520192K) used = 46527360(45436K) committed = 532676608(520192K) max = 8497659904(8298496K)
2025-08-14 15:56:48 INFO  IBindingResolver: - Resolve type bindings...
2025-08-14 15:56:48 INFO  IBindingResolver: - Dependency analaysing...
2025-08-14 15:56:48 INFO  IBindingResolver: - Heap Information: init = 532676608(520192K) used = 50721664(49532K) committed = 532676608(520192K) max = 8497659904(8298496K)
2025-08-14 15:56:48 INFO  AbstractLangProcessor: - Heap Information: init = 532676608(520192K) used = 8570128(8369K) committed = 155189248(151552K) max = 8497659904(8298496K)
2025-08-14 15:56:49 INFO  DependencyGenerator: - Dependencies data generating done successfully...
2025-08-14 15:57:02 INFO  AbstractLangProcessor: - Start parsing files...
2025-08-14 15:57:05 INFO  AbstractLangProcessor: - Resolve types and bindings of variables, methods and expressions.... C:\Users\yosoo\OneDrive - Deloitte (O365D)\Documents\maybank assignment\backend-assignment\src
2025-08-14 15:57:05 INFO  AbstractLangProcessor: - Heap Information: init = 532676608(520192K) used = 50706336(49517K) committed = 532676608(520192K) max = 8497659904(8298496K)
2025-08-14 15:57:05 INFO  IBindingResolver: - Resolve type bindings...
2025-08-14 15:57:05 INFO  IBindingResolver: - Dependency analaysing...
2025-08-14 15:57:05 INFO  IBindingResolver: - Heap Information: init = 532676608(520192K) used = 54900640(53613K) committed = 532676608(520192K) max = 8497659904(8298496K)
2025-08-14 15:57:05 INFO  AbstractLangProcessor: - Heap Information: init = 532676608(520192K) used = 8570616(8369K) committed = 125829120(122880K) max = 8497659904(8298496K)
2025-08-14 15:57:05 INFO  DependencyGenerator: - Dependencies data generating done successfully...
2025-08-14 15:58:34 INFO  AbstractLangProcessor: - Start parsing files...
2025-08-14 15:58:36 INFO  AbstractLangProcessor: - Resolve types and bindings of variables, methods and expressions.... C:\Users\yosoo\OneDrive - Deloitte (O365D)\Documents\maybank assignment\backend-assignment\src
2025-08-14 15:58:36 INFO  AbstractLangProcessor: - Heap Information: init = 532676608(520192K) used = 50588544(49402K) committed = 532676608(520192K) max = 8497659904(8298496K)
2025-08-14 15:58:36 INFO  IBindingResolver: - Resolve type bindings...
2025-08-14 15:58:36 INFO  IBindingResolver: - Dependency analaysing...
2025-08-14 15:58:36 INFO  IBindingResolver: - Heap Information: init = 532676608(520192K) used = 50588544(49402K) committed = 532676608(520192K) max = 8497659904(8298496K)
2025-08-14 15:58:36 INFO  AbstractLangProcessor: - Heap Information: init = 532676608(520192K) used = 8570896(8370K) committed = 142606336(139264K) max = 8497659904(8298496K)
2025-08-14 15:58:37 INFO  DependencyGenerator: - Dependencies data generating done successfully...
2025-08-14 15:59:21 INFO  AbstractLangProcessor: - Start parsing files...
2025-08-14 15:59:24 INFO  AbstractLangProcessor: - Resolve types and bindings of variables, methods and expressions.... C:\Users\yosoo\OneDrive - Deloitte (O365D)\Documents\maybank assignment\backend-assignment\src
2025-08-14 15:59:24 INFO  AbstractLangProcessor: - Heap Information: init = 532676608(520192K) used = 50646544(49459K) committed = 532676608(520192K) max = 8497659904(8298496K)
2025-08-14 15:59:24 INFO  IBindingResolver: - Resolve type bindings...
2025-08-14 15:59:24 INFO  IBindingResolver: - Dependency analaysing...
2025-08-14 15:59:24 INFO  IBindingResolver: - Heap Information: init = 532676608(520192K) used = 54840848(53555K) committed = 532676608(520192K) max = 8497659904(8298496K)
2025-08-14 15:59:24 INFO  AbstractLangProcessor: - Heap Information: init = 532676608(520192K) used = 8570168(8369K) committed = 125829120(122880K) max = 8497659904(8298496K)
2025-08-14 15:59:24 INFO  DependencyGenerator: - Dependencies data generating done successfully...
2025-08-14 16:00:39 INFO  AbstractLangProcessor: - Start parsing files...
2025-08-14 16:00:41 INFO  AbstractLangProcessor: - Resolve types and bindings of variables, methods and expressions.... C:\Users\yosoo\OneDrive - Deloitte (O365D)\Documents\maybank assignment\backend-assignment\src
2025-08-14 16:00:41 INFO  AbstractLangProcessor: - Heap Information: init = 532676608(520192K) used = 50604528(49418K) committed = 532676608(520192K) max = 8497659904(8298496K)
2025-08-14 16:00:41 INFO  IBindingResolver: - Resolve type bindings...
2025-08-14 16:00:41 INFO  IBindingResolver: - Dependency analaysing...
2025-08-14 16:00:41 INFO  IBindingResolver: - Heap Information: init = 532676608(520192K) used = 50604528(49418K) committed = 532676608(520192K) max = 8497659904(8298496K)
2025-08-14 16:00:41 INFO  AbstractLangProcessor: - Heap Information: init = 532676608(520192K) used = 8569264(8368K) committed = 155189248(151552K) max = 8497659904(8298496K)
2025-08-14 16:00:42 INFO  DependencyGenerator: - Dependencies data generating done successfully...
2025-08-14 16:01:21 INFO  AbstractLangProcessor: - Start parsing files...
2025-08-14 16:01:23 INFO  AbstractLangProcessor: - Resolve types and bindings of variables, methods and expressions.... C:\Users\yosoo\OneDrive - Deloitte (O365D)\Documents\maybank assignment\backend-assignment\src
2025-08-14 16:01:23 INFO  AbstractLangProcessor: - Heap Information: init = 532676608(520192K) used = 50534704(49350K) committed = 532676608(520192K) max = 8497659904(8298496K)
2025-08-14 16:01:23 INFO  IBindingResolver: - Resolve type bindings...
2025-08-14 16:01:23 INFO  IBindingResolver: - Dependency analaysing...
2025-08-14 16:01:23 INFO  IBindingResolver: - Heap Information: init = 532676608(520192K) used = 54729008(53446K) committed = 532676608(520192K) max = 8497659904(8298496K)
2025-08-14 16:01:23 INFO  AbstractLangProcessor: - Heap Information: init = 532676608(520192K) used = 8570672(8369K) committed = 142606336(139264K) max = 8497659904(8298496K)
2025-08-14 16:01:24 INFO  DependencyGenerator: - Dependencies data generating done successfully...
2025-08-14 16:03:07 INFO  AbstractLangProcessor: - Start parsing files...
2025-08-14 16:03:10 INFO  AbstractLangProcessor: - Resolve types and bindings of variables, methods and expressions.... C:\Users\yosoo\OneDrive - Deloitte (O365D)\Documents\maybank assignment\backend-assignment\src
2025-08-14 16:03:10 INFO  AbstractLangProcessor: - Heap Information: init = 532676608(520192K) used = 50519880(49335K) committed = 532676608(520192K) max = 8497659904(8298496K)
2025-08-14 16:03:10 INFO  IBindingResolver: - Resolve type bindings...
2025-08-14 16:03:10 INFO  IBindingResolver: - Dependency analaysing...
2025-08-14 16:03:10 INFO  IBindingResolver: - Heap Information: init = 532676608(520192K) used = 54714184(53431K) committed = 532676608(520192K) max = 8497659904(8298496K)
2025-08-14 16:03:10 INFO  AbstractLangProcessor: - Heap Information: init = 532676608(520192K) used = 8570464(8369K) committed = 142606336(139264K) max = 8497659904(8298496K)
2025-08-14 16:03:11 INFO  DependencyGenerator: - Dependencies data generating done successfully...
2025-08-14 16:03:25 INFO  AbstractLangProcessor: - Start parsing files...
2025-08-14 16:03:27 INFO  AbstractLangProcessor: - Resolve types and bindings of variables, methods and expressions.... C:\Users\yosoo\OneDrive - Deloitte (O365D)\Documents\maybank assignment\backend-assignment\src
2025-08-14 16:03:28 INFO  AbstractLangProcessor: - Heap Information: init = 532676608(520192K) used = 50663736(49476K) committed = 532676608(520192K) max = 8497659904(8298496K)
2025-08-14 16:03:28 INFO  IBindingResolver: - Resolve type bindings...
2025-08-14 16:03:28 INFO  IBindingResolver: - Dependency analaysing...
2025-08-14 16:03:28 INFO  IBindingResolver: - Heap Information: init = 532676608(520192K) used = 50663736(49476K) committed = 532676608(520192K) max = 8497659904(8298496K)
2025-08-14 16:03:28 INFO  AbstractLangProcessor: - Heap Information: init = 532676608(520192K) used = 8570960(8370K) committed = 155189248(151552K) max = 8497659904(8298496K)
2025-08-14 16:03:28 INFO  DependencyGenerator: - Dependencies data generating done successfully...
2025-08-14 16:03:40 INFO  AbstractLangProcessor: - Start parsing files...
2025-08-14 16:03:43 INFO  AbstractLangProcessor: - Resolve types and bindings of variables, methods and expressions.... C:\Users\yosoo\OneDrive - Deloitte (O365D)\Documents\maybank assignment\backend-assignment\src
2025-08-14 16:03:43 INFO  AbstractLangProcessor: - Heap Information: init = 532676608(520192K) used = 50521680(49337K) committed = 532676608(520192K) max = 8497659904(8298496K)
2025-08-14 16:03:43 INFO  IBindingResolver: - Resolve type bindings...
2025-08-14 16:03:43 INFO  IBindingResolver: - Dependency analaysing...
2025-08-14 16:03:43 INFO  IBindingResolver: - Heap Information: init = 532676608(520192K) used = 50521680(49337K) committed = 532676608(520192K) max = 8497659904(8298496K)
2025-08-14 16:03:43 INFO  AbstractLangProcessor: - Heap Information: init = 532676608(520192K) used = 8569176(8368K) committed = 155189248(151552K) max = 8497659904(8298496K)
2025-08-14 16:03:44 INFO  DependencyGenerator: - Dependencies data generating done successfully...
2025-08-14 16:04:02 INFO  AbstractLangProcessor: - Start parsing files...
2025-08-14 16:04:04 INFO  AbstractLangProcessor: - Resolve types and bindings of variables, methods and expressions.... C:\Users\yosoo\OneDrive - Deloitte (O365D)\Documents\maybank assignment\backend-assignment\src
2025-08-14 16:04:04 INFO  AbstractLangProcessor: - Heap Information: init = 532676608(520192K) used = 50598960(49413K) committed = 532676608(520192K) max = 8497659904(8298496K)
2025-08-14 16:04:04 INFO  IBindingResolver: - Resolve type bindings...
2025-08-14 16:04:04 INFO  IBindingResolver: - Dependency analaysing...
2025-08-14 16:04:04 INFO  IBindingResolver: - Heap Information: init = 532676608(520192K) used = 50598960(49413K) committed = 532676608(520192K) max = 8497659904(8298496K)
2025-08-14 16:04:04 INFO  AbstractLangProcessor: - Heap Information: init = 532676608(520192K) used = 8569904(8369K) committed = 142606336(139264K) max = 8497659904(8298496K)
2025-08-14 16:04:05 INFO  DependencyGenerator: - Dependencies data generating done successfully...
2025-08-14 16:04:20 INFO  AbstractLangProcessor: - Start parsing files...
2025-08-14 16:04:22 INFO  AbstractLangProcessor: - Resolve types and bindings of variables, methods and expressions.... C:\Users\yosoo\OneDrive - Deloitte (O365D)\Documents\maybank assignment\backend-assignment\src
2025-08-14 16:04:22 INFO  AbstractLangProcessor: - Heap Information: init = 532676608(520192K) used = 50590768(49405K) committed = 532676608(520192K) max = 8497659904(8298496K)
2025-08-14 16:04:22 INFO  IBindingResolver: - Resolve type bindings...
2025-08-14 16:04:22 INFO  IBindingResolver: - Dependency analaysing...
2025-08-14 16:04:22 INFO  IBindingResolver: - Heap Information: init = 532676608(520192K) used = 54785072(53501K) committed = 532676608(520192K) max = 8497659904(8298496K)
2025-08-14 16:04:22 INFO  AbstractLangProcessor: - Heap Information: init = 532676608(520192K) used = 8568880(8368K) committed = 155189248(151552K) max = 8497659904(8298496K)
2025-08-14 16:04:23 INFO  DependencyGenerator: - Dependencies data generating done successfully...
2025-08-14 16:04:59 INFO  AbstractLangProcessor: - Start parsing files...
2025-08-14 16:05:01 INFO  AbstractLangProcessor: - Resolve types and bindings of variables, methods and expressions.... C:\Users\yosoo\OneDrive - Deloitte (O365D)\Documents\maybank assignment\backend-assignment\src
2025-08-14 16:05:01 INFO  AbstractLangProcessor: - Heap Information: init = 532676608(520192K) used = 50521688(49337K) committed = 532676608(520192K) max = 8497659904(8298496K)
2025-08-14 16:05:01 INFO  IBindingResolver: - Resolve type bindings...
2025-08-14 16:05:01 INFO  IBindingResolver: - Dependency analaysing...
2025-08-14 16:05:01 INFO  IBindingResolver: - Heap Information: init = 532676608(520192K) used = 50521688(49337K) committed = 532676608(520192K) max = 8497659904(8298496K)
2025-08-14 16:05:01 INFO  AbstractLangProcessor: - Heap Information: init = 532676608(520192K) used = 8568888(8368K) committed = 142606336(139264K) max = 8497659904(8298496K)
2025-08-14 16:05:02 INFO  DependencyGenerator: - Dependencies data generating done successfully...
2025-08-14 16:05:13 INFO  AbstractLangProcessor: - Start parsing files...
2025-08-14 16:05:16 INFO  AbstractLangProcessor: - Resolve types and bindings of variables, methods and expressions.... C:\Users\yosoo\OneDrive - Deloitte (O365D)\Documents\maybank assignment\backend-assignment\src
2025-08-14 16:05:16 INFO  AbstractLangProcessor: - Heap Information: init = 532676608(520192K) used = 50587360(49401K) committed = 532676608(520192K) max = 8497659904(8298496K)
2025-08-14 16:05:16 INFO  IBindingResolver: - Resolve type bindings...
2025-08-14 16:05:16 INFO  IBindingResolver: - Dependency analaysing...
2025-08-14 16:05:16 INFO  IBindingResolver: - Heap Information: init = 532676608(520192K) used = 50587360(49401K) committed = 532676608(520192K) max = 8497659904(8298496K)
2025-08-14 16:05:16 INFO  AbstractLangProcessor: - Heap Information: init = 532676608(520192K) used = 8571056(8370K) committed = 155189248(151552K) max = 8497659904(8298496K)
2025-08-14 16:05:16 INFO  DependencyGenerator: - Dependencies data generating done successfully...
2025-08-14 16:10:03 INFO  AbstractLangProcessor: - Start parsing files...
2025-08-14 16:10:05 INFO  AbstractLangProcessor: - Resolve types and bindings of variables, methods and expressions.... C:\Users\yosoo\OneDrive - Deloitte (O365D)\Documents\maybank assignment\backend-assignment\src
2025-08-14 16:10:05 INFO  AbstractLangProcessor: - Heap Information: init = 532676608(520192K) used = 50454528(49272K) committed = 532676608(520192K) max = 8497659904(8298496K)
2025-08-14 16:10:05 INFO  IBindingResolver: - Resolve type bindings...
2025-08-14 16:10:05 INFO  IBindingResolver: - Dependency analaysing...
2025-08-14 16:10:05 INFO  IBindingResolver: - Heap Information: init = 532676608(520192K) used = 50454528(49272K) committed = 532676608(520192K) max = 8497659904(8298496K)
2025-08-14 16:10:05 INFO  AbstractLangProcessor: - Heap Information: init = 532676608(520192K) used = 8571056(8370K) committed = 142606336(139264K) max = 8497659904(8298496K)
2025-08-14 16:10:06 INFO  DependencyGenerator: - Dependencies data generating done successfully...
2025-08-14 16:10:18 INFO  AbstractLangProcessor: - Start parsing files...
2025-08-14 16:10:21 INFO  AbstractLangProcessor: - Resolve types and bindings of variables, methods and expressions.... C:\Users\yosoo\OneDrive - Deloitte (O365D)\Documents\maybank assignment\backend-assignment\src
2025-08-14 16:10:21 INFO  AbstractLangProcessor: - Heap Information: init = 532676608(520192K) used = 50588848(49403K) committed = 532676608(520192K) max = 8497659904(8298496K)
2025-08-14 16:10:21 INFO  IBindingResolver: - Resolve type bindings...
2025-08-14 16:10:21 INFO  IBindingResolver: - Dependency analaysing...
2025-08-14 16:10:21 INFO  IBindingResolver: - Heap Information: init = 532676608(520192K) used = 50588848(49403K) committed = 532676608(520192K) max = 8497659904(8298496K)
2025-08-14 16:10:21 INFO  AbstractLangProcessor: - Heap Information: init = 532676608(520192K) used = 8570440(8369K) committed = 155189248(151552K) max = 8497659904(8298496K)
2025-08-14 16:10:22 INFO  DependencyGenerator: - Dependencies data generating done successfully...
2025-08-14 16:10:41 INFO  AbstractLangProcessor: - Start parsing files...
2025-08-14 16:10:44 INFO  AbstractLangProcessor: - Resolve types and bindings of variables, methods and expressions.... C:\Users\yosoo\OneDrive - Deloitte (O365D)\Documents\maybank assignment\backend-assignment\src
2025-08-14 16:10:44 INFO  AbstractLangProcessor: - Heap Information: init = 532676608(520192K) used = 50458624(49276K) committed = 532676608(520192K) max = 8497659904(8298496K)
2025-08-14 16:10:44 INFO  IBindingResolver: - Resolve type bindings...
2025-08-14 16:10:44 INFO  IBindingResolver: - Dependency analaysing...
2025-08-14 16:10:44 INFO  IBindingResolver: - Heap Information: init = 532676608(520192K) used = 50458624(49276K) committed = 532676608(520192K) max = 8497659904(8298496K)
2025-08-14 16:10:44 INFO  AbstractLangProcessor: - Heap Information: init = 532676608(520192K) used = 8570440(8369K) committed = 142606336(139264K) max = 8497659904(8298496K)
2025-08-14 16:10:44 INFO  DependencyGenerator: - Dependencies data generating done successfully...
2025-08-14 16:11:15 INFO  AbstractLangProcessor: - Start parsing files...
2025-08-14 16:11:17 INFO  AbstractLangProcessor: - Resolve types and bindings of variables, methods and expressions.... C:\Users\yosoo\OneDrive - Deloitte (O365D)\Documents\maybank assignment\backend-assignment\src
2025-08-14 16:11:17 INFO  AbstractLangProcessor: - Heap Information: init = 532676608(520192K) used = 50651792(49464K) committed = 532676608(520192K) max = 8497659904(8298496K)
2025-08-14 16:11:17 INFO  IBindingResolver: - Resolve type bindings...
2025-08-14 16:11:17 INFO  IBindingResolver: - Dependency analaysing...
2025-08-14 16:11:17 INFO  IBindingResolver: - Heap Information: init = 532676608(520192K) used = 54846096(53560K) committed = 532676608(520192K) max = 8497659904(8298496K)
2025-08-14 16:11:17 INFO  AbstractLangProcessor: - Heap Information: init = 532676608(520192K) used = 8569088(8368K) committed = 142606336(139264K) max = 8497659904(8298496K)
2025-08-14 16:11:17 INFO  DependencyGenerator: - Dependencies data generating done successfully...
2025-08-14 16:11:37 INFO  AbstractLangProcessor: - Start parsing files...
2025-08-14 16:11:39 INFO  AbstractLangProcessor: - Resolve types and bindings of variables, methods and expressions.... C:\Users\yosoo\OneDrive - Deloitte (O365D)\Documents\maybank assignment\backend-assignment\src
2025-08-14 16:11:39 INFO  AbstractLangProcessor: - Heap Information: init = 532676608(520192K) used = 50518512(49334K) committed = 532676608(520192K) max = 8497659904(8298496K)
2025-08-14 16:11:39 INFO  IBindingResolver: - Resolve type bindings...
2025-08-14 16:11:39 INFO  IBindingResolver: - Dependency analaysing...
2025-08-14 16:11:39 INFO  IBindingResolver: - Heap Information: init = 532676608(520192K) used = 50518512(49334K) committed = 532676608(520192K) max = 8497659904(8298496K)
2025-08-14 16:11:39 INFO  AbstractLangProcessor: - Heap Information: init = 532676608(520192K) used = 8570520(8369K) committed = 155189248(151552K) max = 8497659904(8298496K)
2025-08-14 16:11:40 INFO  DependencyGenerator: - Dependencies data generating done successfully...
2025-08-14 16:14:14 INFO  AbstractLangProcessor: - Start parsing files...
2025-08-14 16:14:16 INFO  AbstractLangProcessor: - Resolve types and bindings of variables, methods and expressions.... C:\Users\yosoo\OneDrive - Deloitte (O365D)\Documents\maybank assignment\backend-assignment\src
2025-08-14 16:14:16 INFO  AbstractLangProcessor: - Heap Information: init = 532676608(520192K) used = 50586640(49401K) committed = 532676608(520192K) max = 8497659904(8298496K)
2025-08-14 16:14:16 INFO  IBindingResolver: - Resolve type bindings...
2025-08-14 16:14:16 INFO  IBindingResolver: - Dependency analaysing...
2025-08-14 16:14:16 INFO  IBindingResolver: - Heap Information: init = 532676608(520192K) used = 50586640(49401K) committed = 532676608(520192K) max = 8497659904(8298496K)
2025-08-14 16:14:16 INFO  AbstractLangProcessor: - Heap Information: init = 532676608(520192K) used = 8571080(8370K) committed = 142606336(139264K) max = 8497659904(8298496K)
2025-08-14 16:14:17 INFO  DependencyGenerator: - Dependencies data generating done successfully...
2025-08-14 16:14:34 INFO  AbstractLangProcessor: - Start parsing files...
2025-08-14 16:14:36 INFO  AbstractLangProcessor: - Resolve types and bindings of variables, methods and expressions.... C:\Users\yosoo\OneDrive - Deloitte (O365D)\Documents\maybank assignment\backend-assignment\src
2025-08-14 16:14:36 INFO  AbstractLangProcessor: - Heap Information: init = 532676608(520192K) used = 50580064(49394K) committed = 532676608(520192K) max = 8497659904(8298496K)
2025-08-14 16:14:36 INFO  IBindingResolver: - Resolve type bindings...
2025-08-14 16:14:36 INFO  IBindingResolver: - Dependency analaysing...
2025-08-14 16:14:36 INFO  IBindingResolver: - Heap Information: init = 532676608(520192K) used = 50580064(49394K) committed = 532676608(520192K) max = 8497659904(8298496K)
2025-08-14 16:14:36 INFO  AbstractLangProcessor: - Heap Information: init = 532676608(520192K) used = 8568392(8367K) committed = 155189248(151552K) max = 8497659904(8298496K)
2025-08-14 16:14:37 INFO  DependencyGenerator: - Dependencies data generating done successfully...
2025-08-14 16:14:48 INFO  AbstractLangProcessor: - Start parsing files...
2025-08-14 16:14:51 INFO  AbstractLangProcessor: - Resolve types and bindings of variables, methods and expressions.... C:\Users\yosoo\OneDrive - Deloitte (O365D)\Documents\maybank assignment\backend-assignment\src
2025-08-14 16:14:51 INFO  AbstractLangProcessor: - Heap Information: init = 532676608(520192K) used = 50578896(49393K) committed = 532676608(520192K) max = 8497659904(8298496K)
2025-08-14 16:14:51 INFO  IBindingResolver: - Resolve type bindings...
2025-08-14 16:14:51 INFO  IBindingResolver: - Dependency analaysing...
2025-08-14 16:14:51 INFO  IBindingResolver: - Heap Information: init = 532676608(520192K) used = 50578896(49393K) committed = 532676608(520192K) max = 8497659904(8298496K)
2025-08-14 16:14:51 INFO  AbstractLangProcessor: - Heap Information: init = 532676608(520192K) used = 8570816(8369K) committed = 142606336(139264K) max = 8497659904(8298496K)
2025-08-14 16:14:52 INFO  DependencyGenerator: - Dependencies data generating done successfully...
2025-08-14 16:15:05 INFO  AbstractLangProcessor: - Start parsing files...
2025-08-14 16:15:08 INFO  AbstractLangProcessor: - Resolve types and bindings of variables, methods and expressions.... C:\Users\yosoo\OneDrive - Deloitte (O365D)\Documents\maybank assignment\backend-assignment\src
2025-08-14 16:15:08 INFO  AbstractLangProcessor: - Heap Information: init = 532676608(520192K) used = 50665784(49478K) committed = 532676608(520192K) max = 8497659904(8298496K)
2025-08-14 16:15:08 INFO  IBindingResolver: - Resolve type bindings...
2025-08-14 16:15:08 INFO  IBindingResolver: - Dependency analaysing...
2025-08-14 16:15:08 INFO  IBindingResolver: - Heap Information: init = 532676608(520192K) used = 50665784(49478K) committed = 532676608(520192K) max = 8497659904(8298496K)
2025-08-14 16:15:08 INFO  AbstractLangProcessor: - Heap Information: init = 532676608(520192K) used = 8570944(8370K) committed = 142606336(139264K) max = 8497659904(8298496K)
2025-08-14 16:15:09 INFO  DependencyGenerator: - Dependencies data generating done successfully...
2025-08-14 16:18:03 INFO  AbstractLangProcessor: - Start parsing files...
2025-08-14 16:18:06 INFO  AbstractLangProcessor: - Resolve types and bindings of variables, methods and expressions.... C:\Users\yosoo\OneDrive - Deloitte (O365D)\Documents\maybank assignment\backend-assignment\src
2025-08-14 16:18:06 INFO  AbstractLangProcessor: - Heap Information: init = 532676608(520192K) used = 50651384(49464K) committed = 532676608(520192K) max = 8497659904(8298496K)
2025-08-14 16:18:06 INFO  IBindingResolver: - Resolve type bindings...
2025-08-14 16:18:06 INFO  IBindingResolver: - Dependency analaysing...
2025-08-14 16:18:06 INFO  IBindingResolver: - Heap Information: init = 532676608(520192K) used = 54845688(53560K) committed = 532676608(520192K) max = 8497659904(8298496K)
2025-08-14 16:18:06 INFO  AbstractLangProcessor: - Heap Information: init = 532676608(520192K) used = 8571344(8370K) committed = 142606336(139264K) max = 8497659904(8298496K)
2025-08-14 16:18:06 INFO  DependencyGenerator: - Dependencies data generating done successfully...
2025-08-15 16:26:17 INFO  AbstractLangProcessor: - Start parsing files...
2025-08-15 16:26:22 INFO  AbstractLangProcessor: - Resolve types and bindings of variables, methods and expressions.... C:\Users\yosoo\OneDrive - Deloitte (O365D)\Documents\maybank assignment\backend-assignment\src
2025-08-15 16:26:22 INFO  AbstractLangProcessor: - Heap Information: init = 532676608(520192K) used = 50525352(49341K) committed = 532676608(520192K) max = 8497659904(8298496K)
2025-08-15 16:26:22 INFO  IBindingResolver: - Resolve type bindings...
2025-08-15 16:26:23 INFO  IBindingResolver: - Dependency analaysing...
2025-08-15 16:26:23 INFO  IBindingResolver: - Heap Information: init = 532676608(520192K) used = 50525352(49341K) committed = 532676608(520192K) max = 8497659904(8298496K)
2025-08-15 16:26:23 INFO  AbstractLangProcessor: - Heap Information: init = 532676608(520192K) used = 8572664(8371K) committed = 142606336(139264K) max = 8497659904(8298496K)
2025-08-15 16:26:24 INFO  DependencyGenerator: - Dependencies data generating done successfully...
2025-08-15 17:11:25 INFO  AbstractLangProcessor: - Start parsing files...
2025-08-15 17:11:27 INFO  AbstractLangProcessor: - Resolve types and bindings of variables, methods and expressions.... C:\Users\yosoo\OneDrive - Deloitte (O365D)\Documents\maybank assignment\backend-assignment\src
2025-08-15 17:11:27 INFO  AbstractLangProcessor: - Heap Information: init = 532676608(520192K) used = 50462080(49279K) committed = 532676608(520192K) max = 8497659904(8298496K)
2025-08-15 17:11:27 INFO  IBindingResolver: - Resolve type bindings...
2025-08-15 17:11:27 INFO  IBindingResolver: - Dependency analaysing...
2025-08-15 17:11:27 INFO  IBindingResolver: - Heap Information: init = 532676608(520192K) used = 54656384(53375K) committed = 532676608(520192K) max = 8497659904(8298496K)
2025-08-15 17:11:27 INFO  AbstractLangProcessor: - Heap Information: init = 532676608(520192K) used = 8568608(8367K) committed = 142606336(139264K) max = 8497659904(8298496K)
2025-08-15 17:11:27 INFO  DependencyGenerator: - Dependencies data generating done successfully...
2025-08-18 10:31:25 INFO  AbstractLangProcessor: - Start parsing files...
2025-08-18 10:31:34 INFO  AbstractLangProcessor: - Resolve types and bindings of variables, methods and expressions.... C:\Users\yosoo\OneDrive - Deloitte (O365D)\Documents\App Modernisation\talent-review\test
2025-08-18 10:31:34 INFO  AbstractLangProcessor: - Heap Information: init = 532676608(520192K) used = 308335824(301109K) committed = 532676608(520192K) max = 8497659904(8298496K)
2025-08-18 10:31:34 INFO  IBindingResolver: - Resolve type bindings...
2025-08-18 10:31:34 INFO  IBindingResolver: - Dependency analaysing...
2025-08-18 10:31:34 INFO  IBindingResolver: - Heap Information: init = 532676608(520192K) used = 11021184(10762K) committed = 532676608(520192K) max = 8497659904(8298496K)
2025-08-18 10:31:34 INFO  AbstractLangProcessor: - Heap Information: init = 532676608(520192K) used = 10801840(10548K) committed = 58720256(57344K) max = 8497659904(8298496K)
2025-08-18 10:31:37 INFO  DependencyGenerator: - Dependencies data generating done successfully...
2025-08-18 11:01:38 INFO  AbstractLangProcessor: - Start parsing files...
2025-08-18 11:01:46 INFO  AbstractLangProcessor: - Resolve types and bindings of variables, methods and expressions.... C:\Users\yosoo\OneDrive - Deloitte (O365D)\Documents\App Modernisation\talent-review\test
2025-08-18 11:01:46 INFO  AbstractLangProcessor: - Heap Information: init = 532676608(520192K) used = 308384584(301156K) committed = 532676608(520192K) max = 8497659904(8298496K)
2025-08-18 11:01:46 INFO  IBindingResolver: - Resolve type bindings...
2025-08-18 11:01:46 INFO  IBindingResolver: - Dependency analaysing...
2025-08-18 11:01:46 INFO  IBindingResolver: - Heap Information: init = 532676608(520192K) used = 11080768(10821K) committed = 532676608(520192K) max = 8497659904(8298496K)
2025-08-18 11:01:46 INFO  AbstractLangProcessor: - Heap Information: init = 532676608(520192K) used = 10802864(10549K) committed = 58720256(57344K) max = 8497659904(8298496K)
2025-08-18 11:01:50 INFO  DependencyGenerator: - Dependencies data generating done successfully...
2025-08-18 11:03:52 INFO  AbstractLangProcessor: - Start parsing files...
2025-08-18 11:04:05 INFO  AbstractLangProcessor: - Resolve types and bindings of variables, methods and expressions.... C:\Users\yosoo\OneDrive - Deloitte (O365D)\Documents\App Modernisation\talent-review\test
2025-08-18 11:04:05 INFO  AbstractLangProcessor: - Heap Information: init = 532676608(520192K) used = 308373832(301146K) committed = 532676608(520192K) max = 8497659904(8298496K)
2025-08-18 11:04:05 INFO  IBindingResolver: - Resolve type bindings...
2025-08-18 11:04:05 INFO  IBindingResolver: - Dependency analaysing...
2025-08-18 11:04:05 INFO  IBindingResolver: - Heap Information: init = 532676608(520192K) used = 11082472(10822K) committed = 532676608(520192K) max = 8497659904(8298496K)
2025-08-18 11:04:05 INFO  AbstractLangProcessor: - Heap Information: init = 532676608(520192K) used = 10800904(10547K) committed = 58720256(57344K) max = 8497659904(8298496K)
2025-08-18 11:04:10 INFO  DependencyGenerator: - Dependencies data generating done successfully...
2025-08-18 16:10:53 INFO  AbstractLangProcessor: - Start parsing files...
2025-08-18 16:10:54 INFO  AbstractLangProcessor: - Resolve types and bindings of variables, methods and expressions.... C:\Users\aahmadridzuanullah\Calculator-master\src
2025-08-18 16:10:54 INFO  AbstractLangProcessor: - Heap Information: init = 528482304(516096K) used = 30970552(30244K) committed = 528482304(516096K) max = 8438939648(8241152K)
2025-08-18 16:10:54 INFO  IBindingResolver: - Resolve type bindings...
2025-08-18 16:10:54 INFO  IBindingResolver: - Dependency analaysing...
2025-08-18 16:10:54 INFO  IBindingResolver: - Heap Information: init = 528482304(516096K) used = 30970552(30244K) committed = 528482304(516096K) max = 8438939648(8241152K)
2025-08-18 16:10:54 INFO  AbstractLangProcessor: - Heap Information: init = 528482304(516096K) used = 8043824(7855K) committed = 77594624(75776K) max = 8438939648(8241152K)
2025-08-18 16:10:55 INFO  DependencyGenerator: - Dependencies data generating done successfully...
2025-08-20 13:37:36 INFO  AbstractLangProcessor: - Start parsing files...
2025-08-20 13:37:37 INFO  AbstractLangProcessor: - Resolve types and bindings of variables, methods and expressions.... C:\Users\aahmadridzuanullah\Calculator-master\src
2025-08-20 13:37:37 INFO  AbstractLangProcessor: - Heap Information: init = 528482304(516096K) used = 28903720(28226K) committed = 528482304(516096K) max = 8438939648(8241152K)
2025-08-20 13:37:37 INFO  IBindingResolver: - Resolve type bindings...
2025-08-20 13:37:37 INFO  IBindingResolver: - Dependency analaysing...
2025-08-20 13:37:37 INFO  IBindingResolver: - Heap Information: init = 528482304(516096K) used = 31000872(30274K) committed = 528482304(516096K) max = 8438939648(8241152K)
2025-08-20 13:37:37 INFO  AbstractLangProcessor: - Heap Information: init = 528482304(516096K) used = 8042744(7854K) committed = 83886080(81920K) max = 8438939648(8241152K)
2025-08-20 13:37:38 INFO  DependencyGenerator: - Dependencies data generating done successfully...
2025-08-20 15:20:17 INFO  AbstractLangProcessor: - Start parsing files...
2025-08-20 15:20:18 INFO  AbstractLangProcessor: - Resolve types and bindings of variables, methods and expressions.... C:\Users\aahmadridzuanullah\Calculator-master\src
2025-08-20 15:20:18 INFO  AbstractLangProcessor: - Heap Information: init = 528482304(516096K) used = 30970352(30244K) committed = 528482304(516096K) max = 8438939648(8241152K)
2025-08-20 15:20:18 INFO  IBindingResolver: - Resolve type bindings...
2025-08-20 15:20:18 INFO  IBindingResolver: - Dependency analaysing...
2025-08-20 15:20:18 INFO  IBindingResolver: - Heap Information: init = 528482304(516096K) used = 30970352(30244K) committed = 528482304(516096K) max = 8438939648(8241152K)
2025-08-20 15:20:18 INFO  AbstractLangProcessor: - Heap Information: init = 528482304(516096K) used = 8043544(7855K) committed = 62914560(61440K) max = 8438939648(8241152K)
2025-08-20 15:20:19 INFO  DependencyGenerator: - Dependencies data generating done successfully...
2025-08-20 17:09:38 INFO  AbstractLangProcessor: - Start parsing files...
2025-08-20 17:09:41 INFO  AbstractLangProcessor: - Resolve types and bindings of variables, methods and expressions.... C:\Users\yosoo\OneDrive - Deloitte (O365D)\Documents\maybank assignment\backend-assignment\src
2025-08-20 17:09:41 INFO  AbstractLangProcessor: - Heap Information: init = 532676608(520192K) used = 50674616(49486K) committed = 532676608(520192K) max = 8497659904(8298496K)
2025-08-20 17:09:41 INFO  IBindingResolver: - Resolve type bindings...
2025-08-20 17:09:41 INFO  IBindingResolver: - Dependency analaysing...
2025-08-20 17:09:41 INFO  IBindingResolver: - Heap Information: init = 532676608(520192K) used = 50674616(49486K) committed = 532676608(520192K) max = 8497659904(8298496K)
2025-08-20 17:09:41 INFO  AbstractLangProcessor: - Heap Information: init = 532676608(520192K) used = 8570760(8369K) committed = 155189248(151552K) max = 8497659904(8298496K)
2025-08-20 17:09:42 INFO  DependencyGenerator: - Dependencies data generating done successfully...
2025-08-21 12:00:54 INFO  AbstractLangProcessor: - Start parsing files...
2025-08-21 12:01:03 INFO  AbstractLangProcessor: - Resolve types and bindings of variables, methods and expressions.... C:\Users\yosoo\OneDrive - Deloitte (O365D)\Documents\App Modernisation\talent-review\test
2025-08-21 12:01:03 INFO  AbstractLangProcessor: - Heap Information: init = 532676608(520192K) used = 308381680(301153K) committed = 532676608(520192K) max = 8497659904(8298496K)
2025-08-21 12:01:03 INFO  IBindingResolver: - Resolve type bindings...
2025-08-21 12:01:03 INFO  IBindingResolver: - Dependency analaysing...
2025-08-21 12:01:03 INFO  IBindingResolver: - Heap Information: init = 532676608(520192K) used = 11096856(10836K) committed = 532676608(520192K) max = 8497659904(8298496K)
2025-08-21 12:01:03 INFO  AbstractLangProcessor: - Heap Information: init = 532676608(520192K) used = 10802504(10549K) committed = 58720256(57344K) max = 8497659904(8298496K)
2025-08-21 12:01:06 INFO  DependencyGenerator: - Dependencies data generating done successfully...
2025-08-21 14:11:12 INFO  AbstractLangProcessor: - Start parsing files...
2025-08-21 14:11:12 INFO  AbstractLangProcessor: - Resolve types and bindings of variables, methods and expressions.... C:\Users\yosoo\OneDrive - Deloitte (O365D)\Documents\App Modernisation\talent-review\frontend\hr-talent-review-web
2025-08-21 14:11:12 INFO  AbstractLangProcessor: - Heap Information: init = 532676608(520192K) used = 16777216(16384K) committed = 532676608(520192K) max = 8497659904(8298496K)
2025-08-21 14:11:12 INFO  IBindingResolver: - Resolve type bindings...
2025-08-21 14:11:12 INFO  IBindingResolver: - Dependency analaysing...
2025-08-21 14:11:12 INFO  IBindingResolver: - Heap Information: init = 532676608(520192K) used = 16777216(16384K) committed = 532676608(520192K) max = 8497659904(8298496K)
2025-08-21 14:11:12 INFO  AbstractLangProcessor: - Heap Information: init = 532676608(520192K) used = 6981760(6818K) committed = 58720256(57344K) max = 8497659904(8298496K)
2025-08-21 14:11:12 INFO  DependencyGenerator: - Dependencies data generating done successfully...
2025-08-21 14:14:32 INFO  AbstractLangProcessor: - Start parsing files...
2025-08-21 14:14:41 INFO  AbstractLangProcessor: - Resolve types and bindings of variables, methods and expressions.... C:\Users\yosoo\OneDrive - Deloitte (O365D)\Documents\App Modernisation\talent-review\test
2025-08-21 14:14:41 INFO  AbstractLangProcessor: - Heap Information: init = 532676608(520192K) used = 308376504(301148K) committed = 532676608(520192K) max = 8497659904(8298496K)
2025-08-21 14:14:41 INFO  IBindingResolver: - Resolve type bindings...
2025-08-21 14:14:41 INFO  IBindingResolver: - Dependency analaysing...
2025-08-21 14:14:41 INFO  IBindingResolver: - Heap Information: init = 532676608(520192K) used = 11069744(10810K) committed = 532676608(520192K) max = 8497659904(8298496K)
2025-08-21 14:14:41 INFO  AbstractLangProcessor: - Heap Information: init = 532676608(520192K) used = 10801984(10548K) committed = 58720256(57344K) max = 8497659904(8298496K)
2025-08-21 14:14:44 INFO  DependencyGenerator: - Dependencies data generating done successfully...
2025-08-21 15:19:31 INFO  AbstractLangProcessor: - Start parsing files...
2025-08-21 15:19:43 INFO  AbstractLangProcessor: - Resolve types and bindings of variables, methods and expressions.... C:\Users\yosoo\OneDrive - Deloitte (O365D)\Documents\App Modernisation\talent-review\test
2025-08-21 15:19:43 INFO  AbstractLangProcessor: - Heap Information: init = 532676608(520192K) used = 308353392(301126K) committed = 532676608(520192K) max = 8497659904(8298496K)
2025-08-21 15:19:43 INFO  IBindingResolver: - Resolve type bindings...
2025-08-21 15:19:43 INFO  IBindingResolver: - Dependency analaysing...
2025-08-21 15:19:43 INFO  IBindingResolver: - Heap Information: init = 532676608(520192K) used = 11032928(10774K) committed = 532676608(520192K) max = 8497659904(8298496K)
2025-08-21 15:19:43 INFO  AbstractLangProcessor: - Heap Information: init = 532676608(520192K) used = 10801560(10548K) committed = 58720256(57344K) max = 8497659904(8298496K)
2025-08-21 15:19:47 INFO  DependencyGenerator: - Dependencies data generating done successfully...
2025-08-21 15:21:31 INFO  AbstractLangProcessor: - Start parsing files...
2025-08-21 15:21:40 INFO  AbstractLangProcessor: - Resolve types and bindings of variables, methods and expressions.... C:\Users\yosoo\OneDrive - Deloitte (O365D)\Documents\App Modernisation\talent-review\test
2025-08-21 15:21:40 INFO  AbstractLangProcessor: - Heap Information: init = 532676608(520192K) used = 308304224(301078K) committed = 532676608(520192K) max = 8497659904(8298496K)
2025-08-21 15:21:40 INFO  IBindingResolver: - Resolve type bindings...
2025-08-21 15:21:40 INFO  IBindingResolver: - Dependency analaysing...
2025-08-21 15:21:40 INFO  IBindingResolver: - Heap Information: init = 532676608(520192K) used = 11120032(10859K) committed = 532676608(520192K) max = 8497659904(8298496K)
2025-08-21 15:21:40 INFO  AbstractLangProcessor: - Heap Information: init = 532676608(520192K) used = 10802400(10549K) committed = 58720256(57344K) max = 8497659904(8298496K)
2025-08-21 15:21:43 INFO  DependencyGenerator: - Dependencies data generating done successfully...
2025-08-21 15:23:42 INFO  AbstractLangProcessor: - Start parsing files...
2025-08-21 15:23:57 INFO  AbstractLangProcessor: - Resolve types and bindings of variables, methods and expressions.... C:\Users\yosoo\OneDrive - Deloitte (O365D)\Documents\App Modernisation\talent-review\test
2025-08-21 15:23:57 INFO  AbstractLangProcessor: - Heap Information: init = 532676608(520192K) used = 308365624(301138K) committed = 532676608(520192K) max = 8497659904(8298496K)
2025-08-21 15:23:57 INFO  IBindingResolver: - Resolve type bindings...
2025-08-21 15:23:57 INFO  IBindingResolver: - Dependency analaysing...
2025-08-21 15:23:57 INFO  IBindingResolver: - Heap Information: init = 532676608(520192K) used = 11095264(10835K) committed = 532676608(520192K) max = 8497659904(8298496K)
2025-08-21 15:23:57 INFO  AbstractLangProcessor: - Heap Information: init = 532676608(520192K) used = 10802792(10549K) committed = 58720256(57344K) max = 8497659904(8298496K)
2025-08-21 15:24:02 INFO  DependencyGenerator: - Dependencies data generating done successfully...
2025-08-22 17:24:30 INFO  AbstractLangProcessor: - Start parsing files...
2025-08-22 17:24:33 INFO  AbstractLangProcessor: - Resolve types and bindings of variables, methods and expressions.... C:\Users\yosoo\OneDrive - Deloitte (O365D)\Documents\maybank assignment\backend-assignment\src
2025-08-22 17:24:33 INFO  AbstractLangProcessor: - Heap Information: init = 532676608(520192K) used = 50653560(49466K) committed = 532676608(520192K) max = 8497659904(8298496K)
2025-08-22 17:24:33 INFO  IBindingResolver: - Resolve type bindings...
2025-08-22 17:24:33 INFO  IBindingResolver: - Dependency analaysing...
2025-08-22 17:24:33 INFO  IBindingResolver: - Heap Information: init = 532676608(520192K) used = 50653560(49466K) committed = 532676608(520192K) max = 8497659904(8298496K)
2025-08-22 17:24:33 INFO  AbstractLangProcessor: - Heap Information: init = 532676608(520192K) used = 8571648(8370K) committed = 125829120(122880K) max = 8497659904(8298496K)
2025-08-22 17:24:35 INFO  DependencyGenerator: - Dependencies data generating done successfully...
2025-08-22 17:27:32 INFO  AbstractLangProcessor: - Start parsing files...
2025-08-22 17:27:34 INFO  AbstractLangProcessor: - Resolve types and bindings of variables, methods and expressions.... C:\Users\yosoo\OneDrive - Deloitte (O365D)\Documents\maybank assignment\backend-assignment\src
2025-08-22 17:27:34 INFO  AbstractLangProcessor: - Heap Information: init = 532676608(520192K) used = 50583056(49397K) committed = 532676608(520192K) max = 8497659904(8298496K)
2025-08-22 17:27:34 INFO  IBindingResolver: - Resolve type bindings...
2025-08-22 17:27:35 INFO  IBindingResolver: - Dependency analaysing...
2025-08-22 17:27:35 INFO  IBindingResolver: - Heap Information: init = 532676608(520192K) used = 50583056(49397K) committed = 532676608(520192K) max = 8497659904(8298496K)
2025-08-22 17:27:35 INFO  AbstractLangProcessor: - Heap Information: init = 532676608(520192K) used = 8568608(8367K) committed = 142606336(139264K) max = 8497659904(8298496K)
2025-08-22 17:27:35 INFO  DependencyGenerator: - Dependencies data generating done successfully...
2025-08-22 17:28:24 INFO  AbstractLangProcessor: - Start parsing files...
2025-08-22 17:28:27 INFO  AbstractLangProcessor: - Resolve types and bindings of variables, methods and expressions.... C:\Users\yosoo\OneDrive - Deloitte (O365D)\Documents\maybank assignment\backend-assignment\src
2025-08-22 17:28:27 INFO  AbstractLangProcessor: - Heap Information: init = 532676608(520192K) used = 50582592(49397K) committed = 532676608(520192K) max = 8497659904(8298496K)
2025-08-22 17:28:27 INFO  IBindingResolver: - Resolve type bindings...
2025-08-22 17:28:27 INFO  IBindingResolver: - Dependency analaysing...
2025-08-22 17:28:27 INFO  IBindingResolver: - Heap Information: init = 532676608(520192K) used = 54776896(53493K) committed = 532676608(520192K) max = 8497659904(8298496K)
2025-08-22 17:28:27 INFO  AbstractLangProcessor: - Heap Information: init = 532676608(520192K) used = 8571432(8370K) committed = 125829120(122880K) max = 8497659904(8298496K)
2025-08-22 17:28:27 INFO  DependencyGenerator: - Dependencies data generating done successfully...
2025-08-22 17:29:45 INFO  AbstractLangProcessor: - Start parsing files...
2025-08-22 17:29:47 INFO  AbstractLangProcessor: - Resolve types and bindings of variables, methods and expressions.... C:\Users\yosoo\OneDrive - Deloitte (O365D)\Documents\maybank assignment\backend-assignment\src
2025-08-22 17:29:47 INFO  AbstractLangProcessor: - Heap Information: init = 532676608(520192K) used = 50400152(49218K) committed = 532676608(520192K) max = 8497659904(8298496K)
2025-08-22 17:29:47 INFO  IBindingResolver: - Resolve type bindings...
2025-08-22 17:29:47 INFO  IBindingResolver: - Dependency analaysing...
2025-08-22 17:29:47 INFO  IBindingResolver: - Heap Information: init = 532676608(520192K) used = 50400152(49218K) committed = 532676608(520192K) max = 8497659904(8298496K)
2025-08-22 17:29:47 INFO  AbstractLangProcessor: - Heap Information: init = 532676608(520192K) used = 8567736(8366K) committed = 155189248(151552K) max = 8497659904(8298496K)
2025-08-22 17:29:48 INFO  DependencyGenerator: - Dependencies data generating done successfully...
2025-08-22 17:30:35 INFO  AbstractLangProcessor: - Start parsing files...
2025-08-22 17:30:37 INFO  AbstractLangProcessor: - Resolve types and bindings of variables, methods and expressions.... C:\Users\yosoo\OneDrive - Deloitte (O365D)\Documents\maybank assignment\backend-assignment\src
2025-08-22 17:30:38 INFO  AbstractLangProcessor: - Heap Information: init = 532676608(520192K) used = 46473224(45384K) committed = 532676608(520192K) max = 8497659904(8298496K)
2025-08-22 17:30:38 INFO  IBindingResolver: - Resolve type bindings...
2025-08-22 17:30:38 INFO  IBindingResolver: - Dependency analaysing...
2025-08-22 17:30:38 INFO  IBindingResolver: - Heap Information: init = 532676608(520192K) used = 50667528(49480K) committed = 532676608(520192K) max = 8497659904(8298496K)
2025-08-22 17:30:38 INFO  AbstractLangProcessor: - Heap Information: init = 532676608(520192K) used = 8567056(8366K) committed = 125829120(122880K) max = 8497659904(8298496K)
2025-08-22 17:30:38 INFO  DependencyGenerator: - Dependencies data generating done successfully...
2025-08-22 17:30:57 INFO  AbstractLangProcessor: - Start parsing files...
2025-08-22 17:31:04 INFO  AbstractLangProcessor: - Resolve types and bindings of variables, methods and expressions.... C:\Users\yosoo\OneDrive - Deloitte (O365D)\Documents\App Modernisation\talent-review\test
2025-08-22 17:31:04 INFO  AbstractLangProcessor: - Heap Information: init = 532676608(520192K) used = 312491936(305167K) committed = 532676608(520192K) max = 8497659904(8298496K)
2025-08-22 17:31:04 INFO  IBindingResolver: - Resolve type bindings...
2025-08-22 17:31:04 INFO  IBindingResolver: - Dependency analaysing...
2025-08-22 17:31:04 INFO  IBindingResolver: - Heap Information: init = 532676608(520192K) used = 15281184(14923K) committed = 532676608(520192K) max = 8497659904(8298496K)
2025-08-22 17:31:04 INFO  AbstractLangProcessor: - Heap Information: init = 532676608(520192K) used = 10802464(10549K) committed = 71303168(69632K) max = 8497659904(8298496K)
2025-08-22 17:31:08 INFO  DependencyGenerator: - Dependencies data generating done successfully...
2025-08-22 17:31:16 INFO  AbstractLangProcessor: - Start parsing files...
2025-08-22 17:31:24 INFO  AbstractLangProcessor: - Resolve types and bindings of variables, methods and expressions.... C:\Users\yosoo\OneDrive - Deloitte (O365D)\Documents\App Modernisation\talent-review\test
2025-08-22 17:31:24 INFO  AbstractLangProcessor: - Heap Information: init = 532676608(520192K) used = 312470384(305146K) committed = 532676608(520192K) max = 8497659904(8298496K)
2025-08-22 17:31:24 INFO  IBindingResolver: - Resolve type bindings...
2025-08-22 17:31:24 INFO  IBindingResolver: - Dependency analaysing...
2025-08-22 17:31:24 INFO  IBindingResolver: - Heap Information: init = 532676608(520192K) used = 15273472(14915K) committed = 532676608(520192K) max = 8497659904(8298496K)
2025-08-22 17:31:24 INFO  AbstractLangProcessor: - Heap Information: init = 532676608(520192K) used = 10801568(10548K) committed = 71303168(69632K) max = 8497659904(8298496K)
2025-08-22 17:31:27 INFO  DependencyGenerator: - Dependencies data generating done successfully...
2025-08-22 17:31:35 INFO  AbstractLangProcessor: - Start parsing files...
2025-08-22 17:31:38 INFO  AbstractLangProcessor: - Resolve types and bindings of variables, methods and expressions.... C:\Users\yosoo\OneDrive - Deloitte (O365D)\Documents\maybank assignment\backend-assignment
2025-08-22 17:31:38 INFO  AbstractLangProcessor: - Heap Information: init = 532676608(520192K) used = 50601584(49415K) committed = 532676608(520192K) max = 8497659904(8298496K)
2025-08-22 17:31:38 INFO  IBindingResolver: - Resolve type bindings...
2025-08-22 17:31:38 INFO  IBindingResolver: - Dependency analaysing...
2025-08-22 17:31:38 INFO  IBindingResolver: - Heap Information: init = 532676608(520192K) used = 50601584(49415K) committed = 532676608(520192K) max = 8497659904(8298496K)
2025-08-22 17:31:38 INFO  AbstractLangProcessor: - Heap Information: init = 532676608(520192K) used = 8572744(8371K) committed = 155189248(151552K) max = 8497659904(8298496K)
2025-08-22 17:31:38 INFO  DependencyGenerator: - Dependencies data generating done successfully...
2025-08-22 17:35:06 INFO  AbstractLangProcessor: - Start parsing files...
2025-08-22 17:35:08 INFO  AbstractLangProcessor: - Resolve types and bindings of variables, methods and expressions.... C:\Users\yosoo\OneDrive - Deloitte (O365D)\Documents\maybank assignment\backend-assignment
2025-08-22 17:35:08 INFO  AbstractLangProcessor: - Heap Information: init = 532676608(520192K) used = 50728352(49539K) committed = 532676608(520192K) max = 8497659904(8298496K)
2025-08-22 17:35:08 INFO  IBindingResolver: - Resolve type bindings...
2025-08-22 17:35:08 INFO  IBindingResolver: - Dependency analaysing...
2025-08-22 17:35:08 INFO  IBindingResolver: - Heap Information: init = 532676608(520192K) used = 54922656(53635K) committed = 532676608(520192K) max = 8497659904(8298496K)
2025-08-22 17:35:08 INFO  AbstractLangProcessor: - Heap Information: init = 532676608(520192K) used = 8572928(8372K) committed = 155189248(151552K) max = 8497659904(8298496K)
2025-08-22 17:35:09 INFO  DependencyGenerator: - Dependencies data generating done successfully...
2025-08-22 17:35:24 INFO  AbstractLangProcessor: - Start parsing files...
2025-08-22 17:35:26 INFO  AbstractLangProcessor: - Resolve types and bindings of variables, methods and expressions.... C:\Users\yosoo\OneDrive - Deloitte (O365D)\Documents\maybank assignment\backend-assignment
2025-08-22 17:35:26 INFO  AbstractLangProcessor: - Heap Information: init = 532676608(520192K) used = 50601216(49415K) committed = 532676608(520192K) max = 8497659904(8298496K)
2025-08-22 17:35:26 INFO  IBindingResolver: - Resolve type bindings...
2025-08-22 17:35:26 INFO  IBindingResolver: - Dependency analaysing...
2025-08-22 17:35:26 INFO  IBindingResolver: - Heap Information: init = 532676608(520192K) used = 50601216(49415K) committed = 532676608(520192K) max = 8497659904(8298496K)
2025-08-22 17:35:26 INFO  AbstractLangProcessor: - Heap Information: init = 532676608(520192K) used = 8571912(8371K) committed = 155189248(151552K) max = 8497659904(8298496K)
2025-08-22 17:35:27 INFO  DependencyGenerator: - Dependencies data generating done successfully...
2025-08-22 17:35:52 INFO  AbstractLangProcessor: - Start parsing files...
2025-08-22 17:36:03 INFO  AbstractLangProcessor: - Resolve types and bindings of variables, methods and expressions.... C:\Users\yosoo\OneDrive - Deloitte (O365D)\Documents\App Modernisation\talent-review\test
2025-08-22 17:36:03 INFO  AbstractLangProcessor: - Heap Information: init = 532676608(520192K) used = 308388920(301161K) committed = 532676608(520192K) max = 8497659904(8298496K)
2025-08-22 17:36:03 INFO  IBindingResolver: - Resolve type bindings...
2025-08-22 17:36:03 INFO  IBindingResolver: - Dependency analaysing...
2025-08-22 17:36:03 INFO  IBindingResolver: - Heap Information: init = 532676608(520192K) used = 11050928(10791K) committed = 532676608(520192K) max = 8497659904(8298496K)
2025-08-22 17:36:03 INFO  AbstractLangProcessor: - Heap Information: init = 532676608(520192K) used = 10804560(10551K) committed = 58720256(57344K) max = 8497659904(8298496K)
2025-08-22 17:36:05 INFO  DependencyGenerator: - Dependencies data generating done successfully...
2025-08-22 17:36:27 INFO  AbstractLangProcessor: - Start parsing files...
2025-08-22 17:36:30 INFO  AbstractLangProcessor: - Resolve types and bindings of variables, methods and expressions.... C:\Users\yosoo\OneDrive - Deloitte (O365D)\Documents\App Modernisation\talent-review\test\lib-common
2025-08-22 17:36:30 INFO  AbstractLangProcessor: - Heap Information: init = 532676608(520192K) used = 46795328(45698K) committed = 532676608(520192K) max = 8497659904(8298496K)
2025-08-22 17:36:30 INFO  IBindingResolver: - Resolve type bindings...
2025-08-22 17:36:30 INFO  IBindingResolver: - Dependency analaysing...
2025-08-22 17:36:30 INFO  IBindingResolver: - Heap Information: init = 532676608(520192K) used = 46795328(45698K) committed = 532676608(520192K) max = 8497659904(8298496K)
2025-08-22 17:36:30 INFO  AbstractLangProcessor: - Heap Information: init = 532676608(520192K) used = 8736864(8532K) committed = 155189248(151552K) max = 8497659904(8298496K)
2025-08-22 17:36:30 INFO  DependencyGenerator: - Dependencies data generating done successfully...
2025-08-22 17:37:29 INFO  AbstractLangProcessor: - Start parsing files...
2025-08-22 17:37:37 INFO  AbstractLangProcessor: - Resolve types and bindings of variables, methods and expressions.... C:\Users\yosoo\OneDrive - Deloitte (O365D)\Documents\App Modernisation\talent-review\test
2025-08-22 17:37:37 INFO  AbstractLangProcessor: - Heap Information: init = 532676608(520192K) used = 308319848(301093K) committed = 532676608(520192K) max = 8497659904(8298496K)
2025-08-22 17:37:37 INFO  IBindingResolver: - Resolve type bindings...
2025-08-22 17:37:37 INFO  IBindingResolver: - Dependency analaysing...
2025-08-22 17:37:37 INFO  IBindingResolver: - Heap Information: init = 532676608(520192K) used = 11016624(10758K) committed = 532676608(520192K) max = 8497659904(8298496K)
2025-08-22 17:37:37 INFO  AbstractLangProcessor: - Heap Information: init = 532676608(520192K) used = 10800512(10547K) committed = 58720256(57344K) max = 8497659904(8298496K)
2025-08-22 17:37:42 INFO  DependencyGenerator: - Dependencies data generating done successfully...
2025-08-22 17:37:51 INFO  AbstractLangProcessor: - Start parsing files...
2025-08-22 17:38:43 INFO  AbstractLangProcessor: - Resolve types and bindings of variables, methods and expressions.... C:\Users\yosoo\OneDrive - Deloitte (O365D)\Documents\App Modernisation\talent-review\backend
2025-08-22 17:38:43 INFO  AbstractLangProcessor: - Heap Information: init = 532676608(520192K) used = 153495112(149897K) committed = 532676608(520192K) max = 8497659904(8298496K)
2025-08-22 17:38:43 INFO  IBindingResolver: - Resolve type bindings...
2025-08-22 17:38:44 INFO  IBindingResolver: - Dependency analaysing...
2025-08-22 17:38:44 INFO  IBindingResolver: - Heap Information: init = 532676608(520192K) used = 100830424(98467K) committed = 532676608(520192K) max = 8497659904(8298496K)
2025-08-22 17:38:44 INFO  AbstractLangProcessor: - Heap Information: init = 532676608(520192K) used = 35507528(34675K) committed = 167772160(163840K) max = 8497659904(8298496K)
2025-08-22 17:39:01 INFO  DependencyGenerator: - Dependencies data generating done successfully...
